2023-05-24 09:32:05 [JavaFX Application Thread] board_game.MainPageController.switchScene()
INFO: Player 1 Name entered: Player1
2023-05-24 09:32:05 [JavaFX Application Thread] board_game.MainPageController.switchScene()
INFO: Player 2 Name entered: Player2
2023-05-24 09:32:05 [JavaFX Application Thread] board_game.MainPageController.switchScene()
INFO: Scene changed
2023-05-24 09:32:05 [JavaFX Application Thread] board_game.board_game_controller_KG.initialize()
INFO: Board created
2023-05-24 09:32:05 [JavaFX Application Thread] board_game.board_game_controller_KG.setNames()
INFO: Player names are set to Player1
2023-05-24 09:32:07 [JavaFX Application Thread] board_game.board_game_controller_KG.handleMouseClick()
INFO: Click on square (0,2)
2023-05-24 09:32:07 [JavaFX Application Thread] board_game.board_game_controller_KG.handleMouseClick()
INFO: Click on square (0,4)
2023-05-24 09:32:08 [JavaFX Application Thread] board_game.board_game_controller_KG.handleMouseClick()
INFO: Click on square (0,3)
2023-05-24 09:32:08 [JavaFX Application Thread] board_game.model.board_game_model_kg.move()
INFO: Move made on the board
2023-05-24 09:32:08 [JavaFX Application Thread] board_game.board_game_controller_KG.handleMouseClick()
INFO: Click on square (0,2)
2023-05-24 09:32:09 [JavaFX Application Thread] board_game.board_game_controller_KG.handleMouseClick()
INFO: Click on square (0,1)
2023-05-24 09:32:09 [JavaFX Application Thread] board_game.model.board_game_model_kg.move()
INFO: Move made on the board
2023-05-24 09:32:10 [JavaFX Application Thread] board_game.board_game_controller_KG.handleMouseClick()
INFO: Click on square (0,3)
2023-05-24 09:32:10 [JavaFX Application Thread] board_game.board_game_controller_KG.handleMouseClick()
INFO: Click on square (0,2)
2023-05-24 09:32:10 [JavaFX Application Thread] board_game.model.board_game_model_kg.move()
INFO: Move made on the board
2023-05-24 09:32:10 [JavaFX Application Thread] board_game.board_game_controller_KG.handleMouseClick()
INFO: Click on square (0,1)
2023-05-24 09:32:11 [JavaFX Application Thread] board_game.board_game_controller_KG.handleMouseClick()
INFO: Click on square (0,0)
2023-05-24 09:32:11 [JavaFX Application Thread] board_game.model.board_game_model_kg.move()
INFO: Move made on the board
2023-05-24 09:32:11 [JavaFX Application Thread] board_game.board_game_controller_KG.handleMouseClick()
INFO: Click on square (0,2)
2023-05-24 09:32:12 [JavaFX Application Thread] board_game.board_game_controller_KG.handleMouseClick()
INFO: Click on square (0,1)
2023-05-24 09:32:12 [JavaFX Application Thread] board_game.model.board_game_model_kg.move()
INFO: Move made on the board
2023-05-24 09:32:12 [JavaFX Application Thread] board_game.board_game_controller_KG.handleMouseClick()
INFO: Click on square (1,2)
2023-05-24 09:32:12 [JavaFX Application Thread] board_game.board_game_controller_KG.handleMouseClick()
INFO: Click on square (1,1)
2023-05-24 09:32:12 [JavaFX Application Thread] board_game.model.board_game_model_kg.move()
INFO: Move made on the board
2023-05-24 09:32:13 [JavaFX Application Thread] board_game.board_game_controller_KG.handleMouseClick()
INFO: Click on square (1,4)
2023-05-24 09:32:14 [JavaFX Application Thread] board_game.board_game_controller_KG.handleMouseClick()
INFO: Click on square (1,3)
2023-05-24 09:32:14 [JavaFX Application Thread] board_game.model.board_game_model_kg.move()
INFO: Move made on the board
2023-05-24 09:32:14 [JavaFX Application Thread] board_game.board_game_controller_KG.handleMouseClick()
INFO: Click on square (1,1)
2023-05-24 09:32:15 [JavaFX Application Thread] board_game.board_game_controller_KG.handleMouseClick()
INFO: Click on square (1,0)
2023-05-24 09:32:15 [JavaFX Application Thread] board_game.model.board_game_model_kg.move()
INFO: Move made on the board
2023-05-24 09:32:15 [JavaFX Application Thread] board_game.board_game_controller_KG.handleMouseClick()
INFO: Click on square (1,3)
2023-05-24 09:32:16 [JavaFX Application Thread] board_game.board_game_controller_KG.handleMouseClick()
INFO: Click on square (1,2)
2023-05-24 09:32:16 [JavaFX Application Thread] board_game.model.board_game_model_kg.move()
INFO: Move made on the board
2023-05-24 09:32:17 [JavaFX Application Thread] board_game.board_game_controller_KG.handleMouseClick()
INFO: Click on square (1,2)
2023-05-24 09:32:17 [JavaFX Application Thread] board_game.board_game_controller_KG.handleMouseClick()
INFO: Click on square (1,0)
2023-05-24 09:32:17 [JavaFX Application Thread] board_game.board_game_controller_KG.handleMouseClick()
INFO: Click on square (1,0)
2023-05-24 09:32:18 [JavaFX Application Thread] board_game.board_game_controller_KG.handleMouseClick()
INFO: Click on square (1,0)
2023-05-24 09:32:18 [JavaFX Application Thread] board_game.board_game_controller_KG.handleMouseClick()
INFO: Click on square (1,1)
2023-05-24 09:32:18 [JavaFX Application Thread] board_game.model.board_game_model_kg.move()
INFO: Move made on the board
2023-05-24 09:32:21 [JavaFX Application Thread] board_game.board_game_controller_KG.handleMouseClick()
INFO: Click on square (2,1)
2023-05-24 09:32:21 [JavaFX Application Thread] board_game.board_game_controller_KG.handleMouseClick()
INFO: Click on square (2,2)
2023-05-24 09:32:22 [JavaFX Application Thread] board_game.board_game_controller_KG.handleMouseClick()
INFO: Click on square (3,3)
2023-05-24 09:32:23 [JavaFX Application Thread] board_game.board_game_controller_KG.handleMouseClick()
INFO: Click on square (3,4)
2023-05-24 09:32:23 [JavaFX Application Thread] board_game.model.board_game_model_kg.move()
INFO: Move made on the board
2023-05-24 09:32:23 [JavaFX Application Thread] board_game.board_game_controller_KG.handleMouseClick()
INFO: Click on square (3,2)
2023-05-24 09:32:23 [JavaFX Application Thread] board_game.board_game_controller_KG.handleMouseClick()
INFO: Click on square (3,3)
2023-05-24 09:32:23 [JavaFX Application Thread] board_game.model.board_game_model_kg.move()
INFO: Move made on the board
2023-05-24 09:32:25 [JavaFX Application Thread] board_game.board_game_controller_KG.handleMouseClick()
INFO: Click on square (1,2)
2023-05-24 09:32:25 [JavaFX Application Thread] board_game.board_game_controller_KG.handleMouseClick()
INFO: Click on square (1,3)
2023-05-24 09:32:25 [JavaFX Application Thread] board_game.model.board_game_model_kg.move()
INFO: Move made on the board
2023-05-24 09:32:26 [JavaFX Application Thread] board_game.board_game_controller_KG.handleMouseClick()
INFO: Click on square (1,1)
2023-05-24 09:32:26 [JavaFX Application Thread] board_game.board_game_controller_KG.handleMouseClick()
INFO: Click on square (1,2)
2023-05-24 09:32:26 [JavaFX Application Thread] board_game.model.board_game_model_kg.move()
INFO: Move made on the board
2023-05-24 09:32:27 [JavaFX Application Thread] board_game.board_game_controller_KG.handleMouseClick()
INFO: Click on square (1,3)
2023-05-24 09:32:27 [JavaFX Application Thread] board_game.board_game_controller_KG.handleMouseClick()
INFO: Click on square (1,4)
2023-05-24 09:32:27 [JavaFX Application Thread] board_game.model.board_game_model_kg.move()
INFO: Move made on the board
2023-05-24 09:32:28 [JavaFX Application Thread] board_game.board_game_controller_KG.handleMouseClick()
INFO: Click on square (1,2)
2023-05-24 09:32:28 [JavaFX Application Thread] board_game.board_game_controller_KG.handleMouseClick()
INFO: Click on square (1,3)
2023-05-24 09:32:28 [JavaFX Application Thread] board_game.model.board_game_model_kg.move()
INFO: Move made on the board
2023-05-24 09:32:32 [JavaFX Application Thread] board_game.board_game_controller_KG.handleMouseClick()
INFO: Click on square (4,4)
2023-05-24 09:32:32 [JavaFX Application Thread] board_game.board_game_controller_KG.handleMouseClick()
INFO: Click on square (4,3)
2023-05-24 09:32:32 [JavaFX Application Thread] board_game.model.board_game_model_kg.move()
INFO: Move made on the board
2023-05-24 09:32:33 [JavaFX Application Thread] board_game.board_game_controller_KG.handleMouseClick()
INFO: Click on square (4,0)
2023-05-24 09:32:34 [JavaFX Application Thread] board_game.board_game_controller_KG.handleMouseClick()
INFO: Click on square (4,1)
2023-05-24 09:32:34 [JavaFX Application Thread] board_game.model.board_game_model_kg.move()
INFO: Move made on the board
2023-05-24 09:32:34 [JavaFX Application Thread] board_game.board_game_controller_KG.handleMouseClick()
INFO: Click on square (4,3)
2023-05-24 09:32:35 [JavaFX Application Thread] board_game.board_game_controller_KG.handleMouseClick()
INFO: Click on square (4,4)
2023-05-24 09:32:35 [JavaFX Application Thread] board_game.model.board_game_model_kg.move()
INFO: Move made on the board
2023-05-24 09:32:36 [JavaFX Application Thread] board_game.board_game_controller_KG.handleMouseClick()
INFO: Click on square (4,1)
2023-05-24 09:32:36 [JavaFX Application Thread] board_game.board_game_controller_KG.handleMouseClick()
INFO: Click on square (4,2)
2023-05-24 09:32:36 [JavaFX Application Thread] board_game.model.board_game_model_kg.move()
INFO: Move made on the board
2023-05-24 09:32:37 [JavaFX Application Thread] board_game.board_game_controller_KG.handleMouseClick()
INFO: Click on square (4,4)
2023-05-24 09:32:37 [JavaFX Application Thread] board_game.board_game_controller_KG.handleMouseClick()
INFO: Click on square (4,3)
2023-05-24 09:32:37 [JavaFX Application Thread] board_game.model.board_game_model_kg.move()
INFO: Move made on the board
2023-05-24 09:32:38 [JavaFX Application Thread] board_game.board_game_controller_KG.handleMouseClick()
INFO: Click on square (4,3)
2023-05-24 09:32:38 [JavaFX Application Thread] board_game.board_game_controller_KG.handleMouseClick()
INFO: Click on square (4,4)
2023-05-24 09:32:39 [JavaFX Application Thread] board_game.board_game_controller_KG.handleMouseClick()
INFO: Click on square (5,3)
2023-05-24 09:32:41 [JavaFX Application Thread] board_game.board_game_controller_KG.handleMouseClick()
INFO: Click on square (6,1)
2023-05-24 09:32:41 [JavaFX Application Thread] board_game.board_game_controller_KG.handleMouseClick()
INFO: Click on square (6,2)
2023-05-24 09:32:41 [JavaFX Application Thread] board_game.model.board_game_model_kg.move()
INFO: Move made on the board
2023-05-24 09:32:42 [JavaFX Application Thread] board_game.board_game_controller_KG.handleMouseClick()
INFO: Click on square (4,3)
2023-05-24 09:32:42 [JavaFX Application Thread] board_game.board_game_controller_KG.handleMouseClick()
INFO: Click on square (4,4)
2023-05-24 09:32:42 [JavaFX Application Thread] board_game.model.board_game_model_kg.move()
INFO: Move made on the board
2023-05-24 09:32:43 [JavaFX Application Thread] board_game.board_game_controller_KG.handleMouseClick()
INFO: Click on square (4,2)
2023-05-24 09:32:43 [JavaFX Application Thread] board_game.board_game_controller_KG.handleMouseClick()
INFO: Click on square (4,3)
2023-05-24 09:32:43 [JavaFX Application Thread] board_game.model.board_game_model_kg.move()
INFO: Move made on the board
2023-05-24 09:32:43 [JavaFX Application Thread] board_game.board_game_controller_KG.handleMouseClick()
INFO: Click on square (5,3)
2023-05-24 09:32:44 [JavaFX Application Thread] board_game.board_game_controller_KG.handleMouseClick()
INFO: Click on square (5,4)
2023-05-24 09:32:44 [JavaFX Application Thread] board_game.model.board_game_model_kg.move()
INFO: Move made on the board
2023-05-24 09:32:45 [JavaFX Application Thread] board_game.board_game_controller_KG.handleMouseClick()
INFO: Click on square (5,2)
2023-05-24 09:32:45 [JavaFX Application Thread] board_game.board_game_controller_KG.handleMouseClick()
INFO: Click on square (5,3)
2023-05-24 09:32:45 [JavaFX Application Thread] board_game.model.board_game_model_kg.move()
INFO: Move made on the board
2023-05-24 09:32:46 [JavaFX Application Thread] board_game.board_game_controller_KG.handleMouseClick()
INFO: Click on square (6,3)
2023-05-24 09:32:46 [JavaFX Application Thread] board_game.board_game_controller_KG.handleMouseClick()
INFO: Click on square (6,4)
2023-05-24 09:32:46 [JavaFX Application Thread] board_game.model.board_game_model_kg.move()
INFO: Move made on the board
2023-05-24 09:32:46 [JavaFX Application Thread] board_game.board_game_controller_KG.handleMouseClick()
INFO: Click on square (6,2)
2023-05-24 09:32:47 [JavaFX Application Thread] board_game.board_game_controller_KG.handleMouseClick()
INFO: Click on square (6,3)
2023-05-24 09:32:47 [JavaFX Application Thread] board_game.model.board_game_model_kg.move()
INFO: Move made on the board
2023-05-24 09:32:48 [JavaFX Application Thread] board_game.board_game_controller_KG.handleMouseClick()
INFO: Click on square (0,1)
2023-05-24 09:32:48 [JavaFX Application Thread] board_game.board_game_controller_KG.handleMouseClick()
INFO: Click on square (0,2)
2023-05-24 09:32:48 [JavaFX Application Thread] board_game.model.board_game_model_kg.move()
INFO: Move made on the board
2023-05-24 09:32:49 [JavaFX Application Thread] board_game.board_game_controller_KG.handleMouseClick()
INFO: Click on square (0,0)
2023-05-24 09:32:49 [JavaFX Application Thread] board_game.board_game_controller_KG.handleMouseClick()
INFO: Click on square (0,1)
2023-05-24 09:32:49 [JavaFX Application Thread] board_game.model.board_game_model_kg.move()
INFO: Move made on the board
2023-05-24 09:32:50 [JavaFX Application Thread] board_game.board_game_controller_KG.handleMouseClick()
INFO: Click on square (0,2)
2023-05-24 09:32:51 [JavaFX Application Thread] board_game.board_game_controller_KG.handleMouseClick()
INFO: Click on square (0,3)
2023-05-24 09:32:51 [JavaFX Application Thread] board_game.model.board_game_model_kg.move()
INFO: Move made on the board
2023-05-24 09:32:51 [JavaFX Application Thread] board_game.board_game_controller_KG.handleMouseClick()
INFO: Click on square (0,1)
2023-05-24 09:32:51 [JavaFX Application Thread] board_game.board_game_controller_KG.handleMouseClick()
INFO: Click on square (0,2)
2023-05-24 09:32:51 [JavaFX Application Thread] board_game.model.board_game_model_kg.move()
INFO: Move made on the board
2023-05-24 09:32:52 [JavaFX Application Thread] board_game.board_game_controller_KG.handleMouseClick()
INFO: Click on square (0,3)
2023-05-24 09:32:52 [JavaFX Application Thread] board_game.board_game_controller_KG.handleMouseClick()
INFO: Click on square (0,4)
2023-05-24 09:32:52 [JavaFX Application Thread] board_game.model.board_game_model_kg.move()
INFO: Move made on the board
2023-05-24 09:32:53 [JavaFX Application Thread] board_game.board_game_controller_KG.handleMouseClick()
INFO: Click on square (0,2)
2023-05-24 09:32:53 [JavaFX Application Thread] board_game.board_game_controller_KG.handleMouseClick()
INFO: Click on square (0,3)
2023-05-24 09:32:53 [JavaFX Application Thread] board_game.model.board_game_model_kg.move()
INFO: Move made on the board
2023-05-24 09:32:53 [JavaFX Application Thread] board_game.model.board_game_model_kg.isGameOver()
INFO: GameOver. Winner: PLAYER2
2023-05-24 09:32:53 [JavaFX Application Thread] board_game.board_game_controller_KG.IsOver()
INFO: Game Over phase started
2023-05-24 09:32:53 [JavaFX Application Thread] board_game.ENDController.initialize()
INFO: GameOver scene loaded
2023-05-24 09:32:53 [JavaFX Application Thread] board_game.ENDController.setName()
INFO: Winner's name is set to Player2
2023-05-24 09:32:55 [JavaFX Application Thread] board_game.ENDController.handleExitButton()
INFO: Returned to Main Scene
2023-05-24 09:32:58 [JavaFX Application Thread] board_game.MainPageController.handleQuitButton()
INFO: Exited program
